Build started 15/12/2015 0:46:26.
     1>Project "C:\Users\Usuario\Desktop\Phys_racing\3D Physics.vcxproj" on node 2 (Build target(s)).
     1>ClCompile:
         C:\Program Files (x86)\Microsoft Visual Studio 12.0\VC\bin\CL.exe /c /ZI /nologo /W3 /WX- /sdl- /Od /Oy- /D _MBCS /Gm /RTC1 /MDd /GS /fp:precise /Zc:wchar_t /Zc:forScope /Fo"Debug\\" /Fd"Debug\vc120.pdb" /Gd /TP /analyze- /errorReport:prompt ModuleSceneIntro.cpp
     1>cl : Command line warning D9028: minimal rebuild failure, reverting to normal build
         ModuleSceneIntro.cpp
     1>c:\users\usuario\desktop\phys_racing\modulesceneintro.cpp(74): warning C4305: 'argument' : truncation from 'double' to 'float'
     1>c:\users\usuario\desktop\phys_racing\modulesceneintro.cpp(153): warning C4305: 'argument' : truncation from 'double' to 'float'
     1>c:\users\usuario\desktop\phys_racing\modulesceneintro.cpp(158): warning C4305: 'argument' : truncation from 'double' to 'float'
     1>c:\users\usuario\desktop\phys_racing\modulesceneintro.cpp(163): warning C4305: 'argument' : truncation from 'double' to 'float'
     1>c:\users\usuario\desktop\phys_racing\modulesceneintro.cpp(168): warning C4305: 'argument' : truncation from 'double' to 'float'
     1>c:\users\usuario\desktop\phys_racing\modulesceneintro.cpp(173): warning C4305: 'argument' : truncation from 'double' to 'float'
     1>c:\users\usuario\desktop\phys_racing\modulesceneintro.cpp(178): warning C4305: 'argument' : truncation from 'double' to 'float'
     1>c:\users\usuario\desktop\phys_racing\modulesceneintro.cpp(183): warning C4305: 'argument' : truncation from 'double' to 'float'
     1>c:\users\usuario\desktop\phys_racing\modulesceneintro.cpp(188): warning C4305: 'argument' : truncation from 'double' to 'float'
     1>c:\users\usuario\desktop\phys_racing\modulesceneintro.cpp(193): warning C4305: 'argument' : truncation from 'double' to 'float'
     1>c:\users\usuario\desktop\phys_racing\modulesceneintro.cpp(198): warning C4305: 'argument' : truncation from 'double' to 'float'
     1>c:\users\usuario\desktop\phys_racing\modulesceneintro.cpp(202): warning C4244: 'argument' : conversion from 'int' to 'float', possible loss of data
       Link:
         C:\Program Files (x86)\Microsoft Visual Studio 12.0\VC\bin\link.exe /ERRORREPORT:PROMPT /OUT:"C:\Users\Usuario\Desktop\Phys_racing\Debug\3D Physics - class5.exe" /INCREMENTAL /NOLOGO kernel32.lib user32.lib gdi32.lib winspool.lib comdlg32.lib advapi32.lib shell32.lib ole32.lib oleaut32.lib uuid.lib odbc32.lib odbccp32.lib /MANIFEST /MANIFESTUAC:"level='asInvoker' uiAccess='false'" /manifest:embed /DEBUG /PDB:"C:\Users\Usuario\Desktop\Phys_racing\Debug\3D Physics - class5.pdb" /SUBSYSTEM:WINDOWS /TLBID:1 /DYNAMICBASE /NXCOMPAT /IMPLIB:"C:\Users\Usuario\Desktop\Phys_racing\Debug\3D Physics - class5.lib" /MACHINE:X86 /SAFESEH:NO Debug\Application.obj
         Debug\Color.obj
         Debug\glmath.obj
         Debug\Light.obj
         Debug\log.obj
         Debug\Main.obj
         Debug\ModuleAudio.obj
         Debug\ModuleCamera3D.obj
         Debug\ModuleInput.obj
         Debug\ModulePhysics3D.obj
         Debug\ModulePlayer.obj
         Debug\ModuleRenderer3D.obj
         Debug\ModuleSceneIntro.obj
         Debug\ModuleWindow.obj
         Debug\PhysBody3D.obj
         Debug\PhysVehicle3D.obj
         Debug\Primitive.obj
         Debug\Timer.obj
         3D Physics.vcxproj -> C:\Users\Usuario\Desktop\Phys_racing\Debug\3D Physics - class5.exe
     1>Done Building Project "C:\Users\Usuario\Desktop\Phys_racing\3D Physics.vcxproj" (Build target(s)).

Build succeeded.

Time Elapsed 00:00:03.77
